<?xml version="1.0" encoding="UTF-8"?>
<!-- Generated by org.testng.reporters.JUnitXMLReporter -->
<testsuite ignored="1" hostname="DESKTOP-HUIK8F3" failures="0" tests="3" name="Default test" time="4.599" errors="0" timestamp="2023-07-01T21:41:40 IST">
  <testcase classname="DynamicJson" name="AddBook" time="3.842"/>
  <testcase classname="DynamicJson" name="AddBook" time="0.353"/>
  <testcase classname="DynamicJson" name="AddBook" time="0.266"/>
  <testcase classname="DynamicJson" name="getBook" time="0.0">
    <ignored/>
  </testcase> <!-- getBook -->
</testsuite> <!-- Default test -->
