<?xml version="1.0" encoding="UTF-8"?>
<testng-results ignored="0" total="3" passed="3" failed="0" skipped="0">
  <reporter-output>
  </reporter-output>
  <suite started-at="2023-07-01T21:41:36 IST" name="Default suite" finished-at="2023-07-01T21:41:40 IST" duration-ms="4599">
    <groups>
    </groups>
    <test started-at="2023-07-01T21:41:36 IST" name="Default test" finished-at="2023-07-01T21:41:40 IST" duration-ms="4599">
      <class name="DynamicJson">
        <test-method signature="AddBook(java.lang.String,java.lang.String)[pri:0, instance:DynamicJson@2ea41516]" started-at="2023-07-01T21:41:36 IST" name="AddBook" data-provider="BooksData" finished-at="2023-07-01T21:41:39 IST" duration-ms="3842" status="PASS">
          <params>
            <param index="0">
              <value>
                <![CDATA[333]]>
              </value>
            </param>
            <param index="1">
              <value>
                <![CDATA[skk]]>
              </value>
            </param>
          </params>
          <reporter-output>
          </reporter-output>
        </test-method> <!-- AddBook -->
        <test-method signature="AddBook(java.lang.String,java.lang.String)[pri:0, instance:DynamicJson@2ea41516]" started-at="2023-07-01T21:41:40 IST" name="AddBook" data-provider="BooksData" finished-at="2023-07-01T21:41:40 IST" duration-ms="353" status="PASS">
          <params>
            <param index="0">
              <value>
                <![CDATA[444]]>
              </value>
            </param>
            <param index="1">
              <value>
                <![CDATA[lkk]]>
              </value>
            </param>
          </params>
          <reporter-output>
          </reporter-output>
        </test-method> <!-- AddBook -->
        <test-method signature="AddBook(java.lang.String,java.lang.String)[pri:0, instance:DynamicJson@2ea41516]" started-at="2023-07-01T21:41:40 IST" name="AddBook" data-provider="BooksData" finished-at="2023-07-01T21:41:40 IST" duration-ms="266" status="PASS">
          <params>
            <param index="0">
              <value>
                <![CDATA[555]]>
              </value>
            </param>
            <param index="1">
              <value>
                <![CDATA[mkk]]>
              </value>
            </param>
          </params>
          <reporter-output>
          </reporter-output>
        </test-method> <!-- AddBook -->
      </class> <!-- DynamicJson -->
    </test> <!-- Default test -->
  </suite> <!-- Default suite -->
</testng-results>
